<div class="story">
<h1></h1>
<div class="path">stories.RetoVisitenos.menu/visitenos_address_search.story</div>
<div class="scenario">
<h2>Scenario: Busqueda de oficinas por ubicacion</h2>
<div class="examples">
<h3>Examples:</h3>
<div class="step">Given dado que estoy en la pagina web de bancolombia</div>
<div class="step">When cuando filtre por &lt;direccion&gt;</div>
<div class="step">Then deberia poder visualizar las oficinas cercanas a dicha ubicacion</div>
<table>
<thead>
<tr>
<th>direccion</th></tr>
</thead>
<tbody>
<tr>
<td>Mayorca Mega Plaza, Sabaneta - Antioquia, Colombia</td></tr>
</tbody>
</table>

<h3 class="example">Example: {direccion=Mayorca Mega Plaza, Sabaneta - Antioquia, Colombia}</h3>
<div class="step successful">Given dado que estoy en la pagina web de bancolombia</div>
<div class="step successful">When cuando filtre por <span class="step parameter">Mayorca Mega Plaza, Sabaneta - Antioquia, Colombia</span></div>
<div class="step failed">Then deberia poder visualizar las oficinas cercanas a dicha ubicacion <span class="keyword failed">(FAILED)</span><br/><span class="message failed">net.serenitybdd.core.exceptions.SerenityManagedException: unknown error: Element is not clickable at point (242, 648)
  (Session info: chrome=63.0.3239.132)
  (Driver info: chromedriver=2.29.461591 (62ebf098771772160f391d75e589dc567915b233),platform=Windows NT 10.0.15063 x86_64) (WARNING: The server did not provide any stacktrace information)
Command duration or timeout: 48 milliseconds
Build info: version: '2.53.1', revision: 'a36b8b1cd5757287168e54b817830adce9b0158d', time: '2016-06-30 19:26:09'
System info: host: 'pb0b0560316', ip: '10.11.24.76', os.name: 'Windows 10', os.arch: 'x86', os.version: '10.0', java.version: '1.8.0_141'
Driver info: org.openqa.selenium.remote.RemoteWebDriver
Capabilities [{applicationCacheEnabled=false, rotatable=false, mobileEmulationEnabled=false, networkConnectionEnabled=false, chrome={chromedriverVersion=2.29.461591 (62ebf098771772160f391d75e589dc567915b233), userDataDir=C:\Users\hergutie\AppData\Local\Temp\scoped_dir11556_11882}, takesHeapSnapshot=true, pageLoadStrategy=normal, databaseEnabled=false, handlesAlerts=true, hasTouchScreen=false, version=63.0.3239.132, platform=XP, browserConnectionEnabled=false, nativeEvents=true, acceptSslCerts=true, locationContextEnabled=true, webStorageEnabled=true, browserName=chrome, takesScreenshot=true, javascriptEnabled=true, cssSelectorsEnabled=true, unexpectedAlertBehaviour=}]
Session ID: 1ac42548687b27b66061e8d2543fba94</span></div>
</div>
<pre class="failure">net.serenitybdd.core.exceptions.SerenityManagedException: unknown error: Element is not clickable at point (242, 648)
  (Session info: chrome=63.0.3239.132)
  (Driver info: chromedriver=2.29.461591 (62ebf098771772160f391d75e589dc567915b233),platform=Windows NT 10.0.15063 x86_64) (WARNING: The server did not provide any stacktrace information)
Command duration or timeout: 48 milliseconds
Build info: version: '2.53.1', revision: 'a36b8b1cd5757287168e54b817830adce9b0158d', time: '2016-06-30 19:26:09'
System info: host: 'pb0b0560316', ip: '10.11.24.76', os.name: 'Windows 10', os.arch: 'x86', os.version: '10.0', java.version: '1.8.0_141'
Driver info: org.openqa.selenium.remote.RemoteWebDriver
Capabilities [{applicationCacheEnabled=false, rotatable=false, mobileEmulationEnabled=false, networkConnectionEnabled=false, chrome={chromedriverVersion=2.29.461591 (62ebf098771772160f391d75e589dc567915b233), userDataDir=C:\Users\hergutie\AppData\Local\Temp\scoped_dir11556_11882}, takesHeapSnapshot=true, pageLoadStrategy=normal, databaseEnabled=false, handlesAlerts=true, hasTouchScreen=false, version=63.0.3239.132, platform=XP, browserConnectionEnabled=false, nativeEvents=true, acceptSslCerts=true, locationContextEnabled=true, webStorageEnabled=true, browserName=chrome, takesScreenshot=true, javascriptEnabled=true, cssSelectorsEnabled=true, unexpectedAlertBehaviour=}]
Session ID: 1ac42548687b27b66061e8d2543fba94
	at net.serenitybdd.core.exceptions.SerenityManagedException.detachedCopyOf(SerenityManagedException.java:20)
	at net.thucydides.core.steps.StepInterceptor.reportMethodError(StepInterceptor.java:284)
	at net.thucydides.core.steps.NormalMethodRunner.invokeMethodAndNotifyFailures(NormalMethodRunner.java:22)
	at net.thucydides.core.steps.StepInterceptor.runNormalMethod(StepInterceptor.java:272)
	at net.thucydides.core.steps.StepInterceptor.testStepResult(StepInterceptor.java:127)
	at net.thucydides.core.steps.StepInterceptor.intercept(StepInterceptor.java:61)
	at com.RetoVisitenos.steps.VisitenosAddressSearchSteps$$EnhancerByCGLIB$$adc984a5.validarOficinas(&lt;generated&gt;)
	at com.RetoVisitenos.definitions.VisitenosAddressSearchDefinitions.thenDeberiaPoderVisualizarLasOficinasCercanasADichaHubicaciondireccionMayorcaMegaPlazaSabanetaAntioquiaColombia(VisitenosAddressSearchDefinitions.java:30)
	(reflection-invoke)
	at org.jbehave.core.steps.StepCreator$ParametrisedStep.perform(StepCreator.java:599)
	at org.jbehave.core.embedder.PerformableTree$FineSoFar.run(PerformableTree.java:340)
...</pre>
</div>
</div>
